<?xml version="1.0" encoding="UTF-8"?>
<!-- Generated by org.testng.reporters.JUnitReportReporter -->
<testsuite hostname="Dongs-MacBook-Pro.local" failures="0" tests="1" name="SeleniumTest" time="0.000" errors="0" timestamp="2024-12-02T14:45:35 GMT+07:00" skipped="0">
  <testcase classname="SeleniumTest" name="Setup" time="0.000"/>
</testsuite> <!-- SeleniumTest -->
