<?xml version="1.0" encoding="UTF-8"?>
<!-- Generated by org.testng.reporters.JUnitReportReporter -->
<testsuite hostname="Dongs-MacBook-Pro.local" failures="0" tests="3" name="tests.GoogleSearchTest_RemoteDocker_Parallel" time="25.381" errors="0" timestamp="2024-12-03T11:04:20 GMT+07:00" skipped="0">
  <testcase classname="tests.GoogleSearchTest_RemoteDocker_Parallel" name="testGoogleSearch" time="5.333"/>
  <testcase classname="tests.GoogleSearchTest_RemoteDocker_Parallel" name="testGoogleSearch" time="11.456"/>
  <testcase classname="tests.GoogleSearchTest_RemoteDocker_Parallel" name="testGoogleSearch" time="8.592"/>
</testsuite> <!-- tests.GoogleSearchTest_RemoteDocker_Parallel -->
