<?xml version="1.0" encoding="UTF-8"?>
<!-- Generated by org.testng.reporters.JUnitReportReporter -->
<testsuite hostname="Dongs-MacBook-Pro.local" failures="0" tests="2" name="tests.GoogleSearchTest" time="11.844" errors="0" timestamp="2024-12-02T14:45:35 GMT+07:00" skipped="0">
  <testcase classname="tests.GoogleSearchTest" name="testGoogleSearch" time="7.466"/>
  <testcase classname="tests.GoogleSearchTest" name="testcase2" time="4.378"/>
</testsuite> <!-- tests.GoogleSearchTest -->
